<?xml version="1.0" encoding="UTF-8"?>
<!-- Generated by org.testng.reporters.JUnitReportReporter -->
<testsuite hostname="WIN-46969103703" failures="0" tests="2" name="mockapis.MockDesign" time="4.834" errors="0" timestamp="2023-02-11T14:29:51 IST" skipped="0">
  <testcase classname="mockapis.MockDesign" name="createBooking" time="3.214"/>
  <system-out/>
  <testcase classname="mockapis.MockDesign" name="getBooking" time="1.620"/>
  <system-out/>
</testsuite> <!-- mockapis.MockDesign -->
