<?xml version="1.0" encoding="UTF-8"?>
<!-- Generated by org.testng.reporters.JUnitReportReporter -->
<testsuite hostname="WIN-46969103703" failures="0" tests="1" name="nonbddresttestcasesusingtestng.TC02_PostRequest" time="3.638" errors="0" timestamp="2022-12-11T12:23:53 IST" skipped="0">
  <testcase classname="nonbddresttestcasesusingtestng.TC02_PostRequest" name="createNewUser" time="3.638"/>
  <system-out/>
</testsuite> <!-- nonbddresttestcasesusingtestng.TC02_PostRequest -->
