<?xml version="1.0" encoding="UTF-8"?>
<!-- Generated by org.testng.reporters.JUnitReportReporter -->
<testsuite hostname="WIN-46969103703" failures="0" tests="4" name="pujuRevision.HTTPrequestwithAPIchaining" time="2.337" errors="0" timestamp="2023-01-30T15:18:29 IST" skipped="0">
  <testcase classname="pujuRevision.HTTPrequestwithAPIchaining" name="deleteUser" time="0.047"/>
  <system-out/>
  <testcase classname="pujuRevision.HTTPrequestwithAPIchaining" name="verifyUser" time="0.079"/>
  <system-out/>
  <testcase classname="pujuRevision.HTTPrequestwithAPIchaining" name="updateUser" time="0.064"/>
  <system-out/>
  <testcase classname="pujuRevision.HTTPrequestwithAPIchaining" name="createUser" time="2.147"/>
  <system-out/>
</testsuite> <!-- pujuRevision.HTTPrequestwithAPIchaining -->
