<?xml version="1.0" encoding="UTF-8"?>
<!-- Generated by org.testng.reporters.JUnitReportReporter -->
<testsuite hostname="WIN-46969103703" failures="0" tests="1" name="nonbddresttestcasesusingtestng.TC_ValidateAuthentication" time="4.813" errors="0" timestamp="2022-12-17T12:24:53 IST" skipped="0">
  <testcase classname="nonbddresttestcasesusingtestng.TC_ValidateAuthentication" name="authorizationTest" time="4.813"/>
  <system-out/>
</testsuite> <!-- nonbddresttestcasesusingtestng.TC_ValidateAuthentication -->
