<?xml version="1.0" encoding="UTF-8"?>
<!-- Generated by org.testng.reporters.JUnitReportReporter -->
<testsuite hostname="WIN-46969103703" failures="0" tests="1" name="openAPITestcases.DiffWaysToCreatePostRequestBody" time="1.506" errors="0" timestamp="2023-01-29T14:39:31 IST" skipped="0">
  <testcase classname="openAPITestcases.DiffWaysToCreatePostRequestBody" name="testPostUsingExternalJsonFile" time="1.506"/>
  <system-out/>
</testsuite> <!-- openAPITestcases.DiffWaysToCreatePostRequestBody -->
