<?xml version="1.0" encoding="UTF-8"?>
<!-- Generated by org.testng.reporters.JUnitReportReporter -->
<testsuite hostname="WIN-46969103703" failures="0" tests="1" name="resttestcases.TC01_GET_Request" time="3.170" errors="0" timestamp="2022-12-01T15:29:03 IST" skipped="0">
  <testcase classname="resttestcases.TC01_GET_Request" name="getWeatherDetails" time="3.170"/>
  <system-out/>
</testsuite> <!-- resttestcases.TC01_GET_Request -->
