<?xml version="1.0" encoding="UTF-8"?>
<!-- Generated by org.testng.reporters.JUnitReportReporter -->
<testsuite hostname="WIN-46969103703" failures="0" tests="2" name="resttestcases.TC_03_ValidateHeader_GET" time="5.278" errors="0" timestamp="2022-12-01T22:26:56 IST" skipped="0">
  <testcase classname="resttestcases.TC_03_ValidateHeader_GET" name="ValidateHeader" time="1.229"/>
  <system-out/>
  <testcase classname="resttestcases.TC_03_ValidateHeader_GET" name="PrintallHeaders" time="4.049"/>
  <system-out/>
</testsuite> <!-- resttestcases.TC_03_ValidateHeader_GET -->
