<?xml version="1.0" encoding="UTF-8"?>
<!-- Generated by org.testng.reporters.JUnitReportReporter -->
<testsuite hostname="WIN-46969103703" failures="0" tests="1" name="assertions.WithoutInlineAssertions" time="5.951" errors="0" timestamp="2023-02-08T21:40:42 IST" skipped="0">
  <testcase classname="assertions.WithoutInlineAssertions" name="inlineAssertions" time="5.951"/>
  <system-out/>
</testsuite> <!-- assertions.WithoutInlineAssertions -->
