<?xml version="1.0" encoding="UTF-8"?>
<!-- Generated by org.testng.reporters.JUnitReportReporter -->
<testsuite hostname="WIN-46969103703" failures="0" tests="1" name="jsonparsing.ParseJSON3" time="0.016" errors="0" timestamp="2023-02-05T11:41:53 IST" skipped="0">
  <testcase classname="jsonparsing.ParseJSON3" name="nestedjsonArrays" time="0.016"/>
  <system-out/>
</testsuite> <!-- jsonparsing.ParseJSON3 -->
