<?xml version="1.0" encoding="UTF-8"?>
<!-- Generated by org.testng.reporters.JUnitReportReporter -->
<testsuite hostname="WIN-46969103703" failures="0" tests="1" name="testcasesusingbdd.DeleteUsingBDD" time="3.619" errors="0" timestamp="2023-01-07T12:27:50 IST" skipped="0">
  <testcase classname="testcasesusingbdd.DeleteUsingBDD" name="deleteRecord" time="3.619"/>
  <system-out/>
</testsuite> <!-- testcasesusingbdd.DeleteUsingBDD -->
