<?xml version="1.0" encoding="UTF-8"?>
<!-- Generated by org.testng.reporters.JUnitReportReporter -->
<testsuite hostname="WIN-46969103703" failures="0" tests="2" name="datashare.gudwayofapichaining.ShareData" time="5.412" errors="0" timestamp="2023-02-11T13:40:09 IST" skipped="0">
  <testcase classname="datashare.gudwayofapichaining.ShareData" name="createBooking" time="3.823"/>
  <system-out/>
  <testcase classname="datashare.gudwayofapichaining.ShareData" name="getBooking" time="1.589"/>
  <system-out/>
</testsuite> <!-- datashare.gudwayofapichaining.ShareData -->
