<?xml version="1.0" encoding="UTF-8"?>
<!-- Generated by org.testng.reporters.JUnitReportReporter -->
<testsuite hostname="WIN-46969103703" failures="0" tests="1" name="nonbddresttestcasesusingtestng.TC04_PrintingAllHeaders" time="3.450" errors="0" timestamp="2022-12-11T13:05:30 IST" skipped="0">
  <testcase classname="nonbddresttestcasesusingtestng.TC04_PrintingAllHeaders" name="printAllHeaders" time="3.450"/>
  <system-out/>
</testsuite> <!-- nonbddresttestcasesusingtestng.TC04_PrintingAllHeaders -->
