<?xml version="1.0" encoding="UTF-8"?>
<!-- Generated by org.testng.reporters.JUnitReportReporter -->
<testsuite hostname="WIN-46969103703" failures="0" tests="1" name="jsonparsing.JsonParse" time="0.039" errors="0" timestamp="2023-02-10T11:47:57 IST" skipped="0">
  <testcase classname="jsonparsing.JsonParse" name="parse2" time="0.039"/>
  <system-out/>
</testsuite> <!-- jsonparsing.JsonParse -->
