<?xml version="1.0" encoding="UTF-8"?>
<!-- Generated by org.testng.reporters.JUnitReportReporter -->
<testsuite hostname="WIN-46969103703" failures="0" tests="1" name="nonbddresttestcasesusingtestng.TC01_GetRequest" time="5.376" errors="0" timestamp="2022-12-18T11:35:25 IST" skipped="0">
  <testcase classname="nonbddresttestcasesusingtestng.TC01_GetRequest" name="getRequest" time="5.376"/>
  <system-out/>
</testsuite> <!-- nonbddresttestcasesusingtestng.TC01_GetRequest -->
