<?xml version="1.0" encoding="UTF-8"?>
<!-- Generated by org.testng.reporters.JUnitReportReporter -->
<testsuite hostname="WIN-46969103703" failures="0" tests="1" name="testcasesusingbdd.GetUsingBDD" time="5.440" errors="0" timestamp="2023-01-27T20:51:33 IST" skipped="0">
  <testcase classname="testcasesusingbdd.GetUsingBDD" name="getBooks" time="5.440"/>
  <system-out/>
</testsuite> <!-- testcasesusingbdd.GetUsingBDD -->
