<?xml version="1.0" encoding="UTF-8"?>
<!-- Generated by org.testng.reporters.JUnitReportReporter -->
<testsuite hostname="WIN-46969103703" failures="0" tests="1" name="bddAutomation.Get_Request" time="1.620" errors="0" timestamp="2023-01-27T20:08:00 IST" skipped="0">
  <testcase classname="bddAutomation.Get_Request" name="getUsers" time="1.620"/>
  <system-out/>
</testsuite> <!-- bddAutomation.Get_Request -->
