<?xml version="1.0" encoding="UTF-8"?>
<!-- Generated by org.testng.reporters.JUnitReportReporter -->
<testsuite hostname="WIN-46969103703" failures="0" tests="1" name="jsonparsing.WhentoUseJsonObjectArray_JsonPath" time="1.060" errors="0" timestamp="2023-02-10T21:32:39 IST" skipped="0">
  <testcase classname="jsonparsing.WhentoUseJsonObjectArray_JsonPath" name="parse3" time="1.060"/>
  <system-out/>
</testsuite> <!-- jsonparsing.WhentoUseJsonObjectArray_JsonPath -->
