<?xml version="1.0" encoding="UTF-8"?>
<!-- Generated by org.testng.reporters.JUnitReportReporter -->
<testsuite hostname="WIN-46969103703" failures="0" tests="1" name="assertions.Assertions" time="7.013" errors="0" timestamp="2023-02-12T15:57:19 IST" skipped="0">
  <testcase classname="assertions.Assertions" name="inLine" time="7.013"/>
  <system-out/>
</testsuite> <!-- assertions.Assertions -->
