<?xml version="1.0" encoding="UTF-8"?>
<!-- Generated by org.testng.reporters.JUnitReportReporter -->
<testsuite hostname="WIN-46969103703" failures="0" tests="1" name="bddAutomation.PostGet" time="1.699" errors="0" timestamp="2023-01-28T12:59:11 IST" skipped="0">
  <testcase classname="bddAutomation.PostGet" name="postGet" time="1.699"/>
  <system-out/>
</testsuite> <!-- bddAutomation.PostGet -->
