<?xml version="1.0" encoding="UTF-8"?>
<!-- Generated by org.testng.reporters.JUnitReportReporter -->
<testsuite hostname="WIN-46969103703" failures="0" tests="1" name="resttestcases.TC06_ValidateAuthentication" time="4.383" errors="0" timestamp="2022-12-01T23:14:01 IST" skipped="0">
  <testcase classname="resttestcases.TC06_ValidateAuthentication" name="authorizationTest" time="4.383"/>
  <system-out/>
</testsuite> <!-- resttestcases.TC06_ValidateAuthentication -->
