<?xml version="1.0" encoding="UTF-8"?>
<!-- Generated by org.testng.reporters.JUnitReportReporter -->
<testsuite hostname="WIN-46969103703" failures="0" tests="1" name="testcasesusingbdd.PostUsingBDD" time="4.836" errors="0" timestamp="2023-01-07T12:13:59 IST" skipped="0">
  <testcase classname="testcasesusingbdd.PostUsingBDD" name="testPost" time="4.836"/>
  <system-out/>
</testsuite> <!-- testcasesusingbdd.PostUsingBDD -->
