<?xml version="1.0" encoding="UTF-8"?>
<!-- Generated by org.testng.reporters.JUnitReportReporter -->
<testsuite hostname="WIN-46969103703" failures="0" tests="1" name="jsonPathTutorials.JsonPathIntro" time="1.127" errors="0" timestamp="2023-02-08T18:57:26 IST" skipped="0">
  <testcase classname="jsonPathTutorials.JsonPathIntro" name="complexjson" time="1.127"/>
  <system-out/>
</testsuite> <!-- jsonPathTutorials.JsonPathIntro -->
