<?xml version="1.0" encoding="UTF-8"?>
<!-- Generated by org.testng.reporters.JUnitReportReporter -->
<testsuite hostname="WIN-46969103703" failures="0" tests="1" name="nonbddresttestcasesusingtestng.TC03_GetRequest" time="3.401" errors="0" timestamp="2022-12-11T12:51:46 IST" skipped="0">
  <testcase classname="nonbddresttestcasesusingtestng.TC03_GetRequest" name="validateHeaders" time="3.401"/>
  <system-out/>
</testsuite> <!-- nonbddresttestcasesusingtestng.TC03_GetRequest -->
