<?xml version="1.0" encoding="UTF-8"?>
<!-- Generated by org.testng.reporters.JUnitReportReporter -->
<testsuite hostname="WIN-46969103703" failures="0" tests="1" name="nonbddresttestcasesusingtestng.PracticeAPIs" time="6.329" errors="0" timestamp="2022-12-17T13:44:23 IST" skipped="0">
  <testcase classname="nonbddresttestcasesusingtestng.PracticeAPIs" name="getRequest" time="6.329"/>
  <system-out/>
</testsuite> <!-- nonbddresttestcasesusingtestng.PracticeAPIs -->
