<?xml version="1.0" encoding="UTF-8"?>
<!-- Generated by org.testng.reporters.JUnitReportReporter -->
<testsuite hostname="WIN-46969103703" failures="0" tests="1" name="testcasesusingbdd.PutUsingBDD" time="3.431" errors="0" timestamp="2023-01-07T12:18:39 IST" skipped="0">
  <testcase classname="testcasesusingbdd.PutUsingBDD" name="putTest" time="3.431"/>
  <system-out/>
</testsuite> <!-- testcasesusingbdd.PutUsingBDD -->
