<?xml version="1.0" encoding="UTF-8"?>
<!-- Generated by org.testng.reporters.JUnitReportReporter -->
<testsuite hostname="WIN-46969103703" failures="0" tests="1" name="resttestcases.TC_05_ValidaterJSONResponse" time="3.919" errors="0" timestamp="2022-12-01T22:51:34 IST" skipped="0">
  <testcase classname="resttestcases.TC_05_ValidaterJSONResponse" name="getWeatherDetails" time="3.919"/>
  <system-out/>
</testsuite> <!-- resttestcases.TC_05_ValidaterJSONResponse -->
