<?xml version="1.0" encoding="UTF-8"?>
<!-- Generated by org.testng.reporters.JUnitReportReporter -->
<testsuite hostname="WIN-46969103703" failures="0" tests="1" name="datashare.ShareData2" time="1.802" errors="0" timestamp="2023-02-11T12:17:32 IST" skipped="0">
  <testcase classname="datashare.ShareData2" name="getBooking" time="1.802"/>
  <system-out/>
</testsuite> <!-- datashare.ShareData2 -->
