<?xml version="1.0" encoding="UTF-8"?>
<!-- Generated by org.testng.reporters.JUnitReportReporter -->
<testsuite hostname="WIN-46969103703" failures="0" tests="1" name="testcasesusingbdd.MixedProblems" time="2.514" errors="0" timestamp="2023-01-07T13:23:11 IST" skipped="0">
  <testcase classname="testcasesusingbdd.MixedProblems" name="validatePlayer" time="2.514"/>
  <system-out/>
</testsuite> <!-- testcasesusingbdd.MixedProblems -->
